\BOOKMARK [1][-]{section.1}{INTRODU\307\303O}{}% 1
\BOOKMARK [1][-]{section.2}{REFERENCIAL TE\323RICO}{}% 2
\BOOKMARK [2][-]{subsection.2.1}{Sistema Discreto no Tempo}{section.2}% 3
\BOOKMARK [3][-]{subsubsection.2.1.1}{Estabilidade}{subsection.2.1}% 4
\BOOKMARK [3][-]{subsubsection.2.1.2}{Controlabilidade}{subsection.2.1}% 5
\BOOKMARK [3][-]{subsubsection.2.1.3}{Observabilidade}{subsection.2.1}% 6
\BOOKMARK [2][-]{subsection.2.2}{Seguidor de refer\352ncia para entrada tipo Degrau}{section.2}% 7
\BOOKMARK [1][-]{section.3}{DESENVOLVIMENTO}{}% 8
\BOOKMARK [2][-]{subsection.3.1}{Desenvolvimento}{section.3}% 9
\BOOKMARK [3][-]{subsubsection.3.1.1}{Modelo Matem\341tico}{subsection.3.1}% 10
\BOOKMARK [3][-]{subsubsection.3.1.2}{Discretiza\347\343o}{subsection.3.1}% 11
\BOOKMARK [3][-]{subsubsection.3.1.3}{Sistema Aumentado}{subsection.3.1}% 12
\BOOKMARK [3][-]{subsubsection.3.1.4}{Matriz de ganhos K}{subsection.3.1}% 13
\BOOKMARK [1][-]{section.4}{METODOLOGIA}{}% 14
\BOOKMARK [2][-]{subsection.4.1}{Software}{section.4}% 15
\BOOKMARK [2][-]{subsection.4.2}{Testes}{section.4}% 16
\BOOKMARK [2][-]{subsection.4.3}{Relat\363rio}{section.4}% 17
\BOOKMARK [1][-]{section.5}{RESULTADOS}{}% 18
\BOOKMARK [2][-]{subsection.5.1}{Polos}{section.5}% 19
\BOOKMARK [3][-]{subsubsection.5.1.1}{Polos em zero}{subsection.5.1}% 20
\BOOKMARK [3][-]{subsubsection.5.1.2}{Valores acima de 1}{subsection.5.1}% 21
\BOOKMARK [3][-]{subsubsection.5.1.3}{Valor imaginario diferente de zero}{subsection.5.1}% 22
\BOOKMARK [2][-]{subsection.5.2}{Ganhos}{section.5}% 23
\BOOKMARK [1][-]{section.6}{CONCLUS\303O}{}% 24
\BOOKMARK [1][-]{section.7}{REFER\312NCIAS}{}% 25
\BOOKMARK [0][-]{section.7}{Refer\352ncias bibliogr\341ficas}{}% 26
